<?xml version="1.0" encoding="UTF-8"?>
<!-- Generated by org.testng.reporters.JUnitReportReporter -->
<testsuite hostname="LAPTOP-EL5IPBRN" failures="0" tests="3" name="TestNG.Sample" time="0.023" errors="0" timestamp="2023-01-03T12:26:51 IST" skipped="0">
  <testcase classname="TestNG.Sample" name="TC1" time="0.019"/>
  <system-out>
    <![CDATA[running test case1]]>
  </system-out>
  <testcase classname="TestNG.Sample" name="TC2" time="0.002"/>
  <system-out>
    <![CDATA[running test case2]]>
  </system-out>
  <testcase classname="TestNG.Sample" name="TC3" time="0.002"/>
  <system-out>
    <![CDATA[running test case3]]>
  </system-out>
</testsuite> <!-- TestNG.Sample -->
