<?xml version="1.0" encoding="UTF-8"?>
<!-- Generated by org.testng.reporters.JUnitReportReporter -->
<testsuite hostname="LAPTOP-EL5IPBRN" failures="0" tests="2" name="TestNG.Multibrowser" time="26.747" errors="0" timestamp="2023-01-05T11:46:00 IST" skipped="0">
  <testcase classname="TestNG.Multibrowser" name="TC" time="18.031"/>
  <system-out/>
  <testcase classname="TestNG.Multibrowser" name="TC" time="8.716"/>
  <system-out/>
</testsuite> <!-- TestNG.Multibrowser -->
