<?xml version="1.0" encoding="UTF-8"?>
<!-- Generated by org.testng.reporters.JUnitReportReporter -->
<testsuite hostname="LAPTOP-EL5IPBRN" failures="0" tests="1" name="TestNG.Abhi12" time="0.029" errors="0" timestamp="2022-12-28T12:01:59 IST" skipped="0">
  <testcase classname="TestNG.Abhi12" name="TC3" time="0.029"/>
  <system-out>
    <![CDATA[this my first program of TestNg]]>
  </system-out>
</testsuite> <!-- TestNG.Abhi12 -->
