<?xml version="1.0" encoding="UTF-8"?>
<!-- Generated by org.testng.reporters.JUnitReportReporter -->
<testsuite hostname="LAPTOP-EL5IPBRN" failures="0" tests="3" name="TestNG.Sample2" time="0.007" errors="0" timestamp="2023-01-03T12:26:51 IST" skipped="0">
  <testcase classname="TestNG.Sample2" name="TC7" time="0.003"/>
  <system-out>
    <![CDATA[Running the test case7]]>
  </system-out>
  <testcase classname="TestNG.Sample2" name="TC8" time="0.002"/>
  <system-out>
    <![CDATA[runing the test case8]]>
  </system-out>
  <testcase classname="TestNG.Sample2" name="TC9" time="0.002"/>
  <system-out>
    <![CDATA[running the test case9]]>
  </system-out>
</testsuite> <!-- TestNG.Sample2 -->
