<?xml version="1.0" encoding="UTF-8"?>
<!-- Generated by org.testng.reporters.JUnitReportReporter -->
<testsuite hostname="LAPTOP-EL5IPBRN" failures="0" tests="8" name="TestNG.invocation" time="0.032" errors="0" timestamp="2022-12-29T11:01:34 IST" skipped="0">
  <testcase classname="TestNG.invocation" name="TC1" time="0.001"/>
  <system-out>
    <![CDATA[this is test1]]>
  </system-out>
  <testcase classname="TestNG.invocation" name="TC1" time="0.003"/>
  <system-out>
    <![CDATA[this is test1]]>
  </system-out>
  <testcase classname="TestNG.invocation" name="TC1" time="0.002"/>
  <system-out>
    <![CDATA[this is test1]]>
  </system-out>
  <testcase classname="TestNG.invocation" name="TC1" time="0.002"/>
  <system-out>
    <![CDATA[this is test1]]>
  </system-out>
  <testcase classname="TestNG.invocation" name="TC1" time="0.002"/>
  <system-out>
    <![CDATA[this is test1]]>
  </system-out>
  <testcase classname="TestNG.invocation" name="TC1" time="0.002"/>
  <system-out>
    <![CDATA[this is test1]]>
  </system-out>
  <testcase classname="TestNG.invocation" name="TC1" time="0.019"/>
  <system-out>
    <![CDATA[this is test1]]>
  </system-out>
  <testcase classname="TestNG.invocation" name="TC1" time="0.001"/>
  <system-out>
    <![CDATA[this is test1]]>
  </system-out>
</testsuite> <!-- TestNG.invocation -->
