<?xml version="1.0" encoding="UTF-8"?>
<!-- Generated by org.testng.reporters.JUnitReportReporter -->
<testsuite hostname="LAPTOP-EL5IPBRN" failures="0" tests="3" name="TestNG.priority" time="0.026" errors="0" timestamp="2022-12-29T11:09:36 IST" skipped="0">
  <testcase classname="TestNG.priority" name="TC2" time="0.021"/>
  <system-out>
    <![CDATA[running tc2]]>
  </system-out>
  <testcase classname="TestNG.priority" name="TC3" time="0.003"/>
  <system-out>
    <![CDATA[running tc3]]>
  </system-out>
  <testcase classname="TestNG.priority" name="TC1" time="0.002"/>
  <system-out>
    <![CDATA[running tc1]]>
  </system-out>
</testsuite> <!-- TestNG.priority -->
