<?xml version="1.0" encoding="UTF-8"?>
<!-- Generated by org.testng.reporters.JUnitReportReporter -->
<testsuite hostname="LAPTOP-EL5IPBRN" failures="0" tests="1" name="TestNG.TestNG_Annotations" time="0.010" errors="0" timestamp="2022-12-29T11:34:46 IST" skipped="0">
  <testcase classname="TestNG.TestNG_Annotations" name="verifytext" time="0.010"/>
  <system-out>
    <![CDATA[running actual test case]]>
  </system-out>
</testsuite> <!-- TestNG.TestNG_Annotations -->
