<?xml version="1.0" encoding="UTF-8"?>
<!-- Generated by org.testng.reporters.JUnitReportReporter -->
<testsuite hostname="LAPTOP-EL5IPBRN" failures="0" tests="1" name="TestNG.Assert_equals" time="0.017" errors="0" timestamp="2023-01-06T12:35:52 IST" skipped="0">
  <testcase classname="TestNG.Assert_equals" name="v1" time="0.017"/>
  <system-out>
    <![CDATA[running test case v1]]>
  </system-out>
</testsuite> <!-- TestNG.Assert_equals -->
