<?xml version="1.0" encoding="UTF-8"?>
<!-- Generated by org.testng.reporters.JUnitReportReporter -->
<testsuite hostname="LAPTOP-EL5IPBRN" failures="0" tests="1" name="TestNG.Assertnot_equals" time="0.015" errors="0" timestamp="2023-01-06T12:39:39 IST" skipped="0">
  <testcase classname="TestNG.Assertnot_equals" name="h1" time="0.015"/>
  <system-out>
    <![CDATA[Hi,hello]]>
  </system-out>
</testsuite> <!-- TestNG.Assertnot_equals -->
