<?xml version="1.0" encoding="UTF-8"?>
<!-- Generated by org.testng.reporters.JUnitReportReporter -->
<testsuite hostname="LAPTOP-EL5IPBRN" failures="0" tests="3" name="TestNG.Sample1" time="0.008" errors="0" timestamp="2023-01-03T12:26:51 IST" skipped="0">
  <testcase classname="TestNG.Sample1" name="TC5" time="0.002"/>
  <system-out>
    <![CDATA[running test case 5]]>
  </system-out>
  <testcase classname="TestNG.Sample1" name="TC6" time="0.004"/>
  <system-out>
    <![CDATA[running test case 6]]>
  </system-out>
  <testcase classname="TestNG.Sample1" name="TC4" time="0.002"/>
  <system-out>
    <![CDATA[running test case 4]]>
  </system-out>
</testsuite> <!-- TestNG.Sample1 -->
