<?xml version="1.0" encoding="UTF-8"?>
<!-- Generated by org.testng.reporters.JUnitReportReporter -->
<testsuite hostname="LAPTOP-EL5IPBRN" failures="0" tests="2" name="TestNG.Enabled" time="0.017" errors="0" timestamp="2022-12-30T20:20:28 IST" skipped="1">
  <testcase classname="TestNG.Enabled" name="TC1" time="0.017"/>
  <system-out>
    <![CDATA[I ts my first program in Test ng]]>
  </system-out>
  <testcase classname="TestNG.Enabled" name="TC2">
    <skipped/>
  </testcase> <!-- TC2 -->
  <system-out/>
</testsuite> <!-- TestNG.Enabled -->
