<?xml version="1.0" encoding="UTF-8"?>
<!-- Generated by org.testng.reporters.JUnitReportReporter -->
<testsuite hostname="LAPTOP-EL5IPBRN" failures="0" tests="5" name="TestNG.Test5" time="334.343" errors="0" timestamp="2022-12-28T12:48:29 IST" skipped="0">
  <testcase classname="TestNG.Test5" name="TC1" time="0.021"/>
  <system-out>
    <![CDATA[this is your TEstNg program]]>
  </system-out>
  <testcase classname="TestNG.Test5" name="TC5" time="150.413"/>
  <system-out>
    <![CDATA[this is your hackerrank appl]]>
  </system-out>
  <testcase classname="TestNG.Test5" name="TC4" time="83.758"/>
  <system-out>
    <![CDATA[this is your GUvi appl]]>
  </system-out>
  <testcase classname="TestNG.Test5" name="TC2" time="0.002"/>
  <system-out>
    <![CDATA[this is your second test case]]>
  </system-out>
  <testcase classname="TestNG.Test5" name="TC3" time="100.149"/>
  <system-out>
    <![CDATA[this is coursera appl]]>
  </system-out>
</testsuite> <!-- TestNG.Test5 -->
