<?xml version="1.0" encoding="UTF-8"?>
<!-- Generated by org.testng.reporters.JUnitReportReporter -->
<testsuite hostname="LAPTOP-EL5IPBRN" failures="0" tests="1" name="page_factorytesting.Test1" time="5.394" errors="0" timestamp="2023-01-11T13:22:15 IST" skipped="0">
  <testcase classname="page_factorytesting.Test1" name="VerifyText" time="5.394"/>
  <system-out>
    <![CDATA[running the test case]]>
  </system-out>
</testsuite> <!-- page_factorytesting.Test1 -->
