<?xml version="1.0" encoding="UTF-8"?>
<!-- Generated by org.testng.reporters.JUnitReportReporter -->
<testsuite hostname="LAPTOP-EL5IPBRN" failures="0" tests="2" name="TestNG.Multisuite" time="24.099" errors="0" timestamp="2023-01-04T18:40:43 IST" skipped="0">
  <testcase classname="TestNG.Multisuite" name="TC1" time="11.696"/>
  <system-out/>
  <testcase classname="TestNG.Multisuite" name="TC1" time="12.403"/>
  <system-out/>
</testsuite> <!-- TestNG.Multisuite -->
