<?xml version="1.0" encoding="UTF-8"?>
<!-- Generated by org.testng.reporters.JUnitReportReporter -->
<testsuite hostname="LAPTOP-EL5IPBRN" failures="0" tests="2" name="TestNG.Timeouts" time="0.028" errors="0" timestamp="2022-12-30T20:24:22 IST" skipped="0">
  <testcase classname="TestNG.Timeouts" name="TC2" time="0.011"/>
  <system-out>
    <![CDATA[it is my second program in TestNG]]>
  </system-out>
  <testcase classname="TestNG.Timeouts" name="TC1" time="0.017"/>
  <system-out>
    <![CDATA[I ts my first program in Test ng]]>
  </system-out>
</testsuite> <!-- TestNG.Timeouts -->
