<?xml version="1.0" encoding="UTF-8"?>
<!-- Generated by org.testng.reporters.JUnitReportReporter -->
<testsuite hostname="LAPTOP-EL5IPBRN" failures="0" tests="2" name="Multibrowser.Testclass" time="28.587" errors="0" timestamp="2023-01-04T19:15:46 IST" skipped="0">
  <testcase classname="Multibrowser.Testclass" name="TC1" time="13.150"/>
  <system-out/>
  <testcase classname="Multibrowser.Testclass" name="TC1" time="15.437"/>
  <system-out/>
</testsuite> <!-- Multibrowser.Testclass -->
