<?xml version="1.0" encoding="UTF-8"?>
<!-- Generated by org.testng.reporters.JUnitReportReporter -->
<testsuite hostname="LAPTOP-EL5IPBRN" failures="0" tests="1" name="TestNG.Parallel3" time="66.049" errors="0" timestamp="2023-01-03T13:25:21 IST" skipped="0">
  <testcase classname="TestNG.Parallel3" name="TC3" time="66.049"/>
  <system-out/>
</testsuite> <!-- TestNG.Parallel3 -->
