<?xml version="1.0" encoding="UTF-8"?>
<!-- Generated by org.testng.reporters.JUnitReportReporter -->
<testsuite hostname="LAPTOP-EL5IPBRN" failures="0" tests="1" name="TestNG.Test1" time="10.575" errors="0" timestamp="2022-12-27T21:05:29 IST" skipped="0">
  <testcase classname="TestNG.Test1" name="TC1" time="10.575"/>
  <system-out/>
</testsuite> <!-- TestNG.Test1 -->
