<?xml version="1.0" encoding="UTF-8"?>
<!-- Generated by org.testng.reporters.JUnitReportReporter -->
<testsuite hostname="LAPTOP-EL5IPBRN" failures="0" tests="4" name="TestNG.priority1" time="0.024" errors="0" timestamp="2022-12-30T20:16:07 IST" skipped="0">
  <testcase classname="TestNG.priority1" name="prabhas" time="0.017"/>
  <system-out>
    <![CDATA[running prabhas]]>
  </system-out>
  <testcase classname="TestNG.priority1" name="eshwar" time="0.002"/>
  <system-out>
    <![CDATA[running eshwar]]>
  </system-out>
  <testcase classname="TestNG.priority1" name="dhanush" time="0.002"/>
  <system-out>
    <![CDATA[running dhanush]]>
  </system-out>
  <testcase classname="TestNG.priority1" name="alluarjun" time="0.003"/>
  <system-out>
    <![CDATA[running alluarjun]]>
  </system-out>
</testsuite> <!-- TestNG.priority1 -->
