<?xml version="1.0" encoding="UTF-8"?>
<!-- Generated by org.testng.reporters.JUnitReportReporter -->
<testsuite hostname="LAPTOP-EL5IPBRN" failures="0" tests="2" name="TestNG.Test2" time="13.059" errors="0" timestamp="2022-12-28T12:09:32 IST" skipped="0">
  <testcase classname="TestNG.Test2" name="TC1" time="8.186"/>
  <system-out>
    <![CDATA[this my first program of TestNG]]>
  </system-out>
  <testcase classname="TestNG.Test2" name="TC2" time="4.873"/>
  <system-out>
    <![CDATA[this is my second program of TestNG]]>
  </system-out>
</testsuite> <!-- TestNG.Test2 -->
