<?xml version="1.0" encoding="UTF-8"?>
<!-- Generated by org.testng.reporters.JUnitReportReporter -->
<testsuite hostname="LAPTOP-EL5IPBRN" failures="0" tests="3" name="TestNG.Testcase4" time="16.397" errors="0" timestamp="2023-01-02T13:23:08 IST" skipped="0">
  <testcase classname="TestNG.Testcase4" name="Chandu" time="7.740"/>
  <system-out/>
  <testcase classname="TestNG.Testcase4" name="Abhi" time="3.854"/>
  <system-out/>
  <testcase classname="TestNG.Testcase4" name="Bhavana" time="4.803"/>
  <system-out/>
</testsuite> <!-- TestNG.Testcase4 -->
