<?xml version="1.0" encoding="UTF-8"?>
<!-- Generated by org.testng.reporters.JUnitReportReporter -->
<testsuite hostname="LAPTOP-EL5IPBRN" failures="0" tests="1" name="TestNG.Asserttrue" time="0.020" errors="0" timestamp="2023-01-09T10:48:47 IST" skipped="0">
  <testcase classname="TestNG.Asserttrue" name="m1" time="0.020"/>
  <system-out>
    <![CDATA[This is true method of Assert class]]>
  </system-out>
</testsuite> <!-- TestNG.Asserttrue -->
