<?xml version="1.0" encoding="UTF-8"?>
<!-- Generated by org.testng.reporters.JUnitReportReporter -->
<testsuite hostname="LAPTOP-EL5IPBRN" failures="0" tests="3" name="TestNG.Multibrowsing2" time="33.263" errors="0" timestamp="2023-01-05T12:38:15 IST" skipped="0">
  <testcase classname="TestNG.Multibrowsing2" name="TC" time="9.497"/>
  <system-out/>
  <testcase classname="TestNG.Multibrowsing2" name="TC" time="15.389"/>
  <system-out/>
  <testcase classname="TestNG.Multibrowsing2" name="TC" time="8.377"/>
  <system-out/>
</testsuite> <!-- TestNG.Multibrowsing2 -->
